app/build/intermediates/manifest_merge_blame_file/debug/manifest-merger-blame-debug-report.txt
1<?xml version="1.0" encoding="utf-8"?>
2<manifest xmlns:android="http://schemas.android.com/apk/res/android"
3    package="com.shahinsha.shootmovements"
4    android:versionCode="1"
5    android:versionName="1.0" >
6
7    <uses-sdk
8        android:minSdkVersion="23"
8-->src\main\AndroidManifest.xml
9        android:targetSdkVersion="31" />
9-->src\main\AndroidManifest.xml
10
11    <uses-permission android:name="android.permission.INTERNET" />
11-->src\main\AndroidManifest.xml:5:5-66
11-->src\main\AndroidManifest.xml:5:22-64
12    <uses-permission
12-->src\main\AndroidManifest.xml:6:5-7:31
13        android:name="android.permission.CAMERA"
13-->src\main\AndroidManifest.xml:6:22-62
14        android:requiredFeature="true" />
14-->src\main\AndroidManifest.xml:6:63-93
15    <uses-permission android:name="android.permission.ACCESS_NETWORK_STATE" />
15-->[com.google.firebase:firebase-inappmessaging-display:19.1.4] AndroidManifest.xml:11:5-79
15-->[com.google.firebase:firebase-inappmessaging-display:19.1.4] AndroidManifest.xml:11:22-76
16
17    <queries>
17-->[com.google.firebase:firebase-inappmessaging-display:19.1.4] AndroidManifest.xml:14:5-20:15
18        <intent>
18-->[com.google.firebase:firebase-inappmessaging-display:19.1.4] AndroidManifest.xml:15:9-19:18
19            <action android:name="android.intent.action.VIEW" />
19-->[com.google.firebase:firebase-inappmessaging-display:19.1.4] AndroidManifest.xml:16:13-65
19-->[com.google.firebase:firebase-inappmessaging-display:19.1.4] AndroidManifest.xml:16:21-62
20
21            <data android:scheme="https" />
21-->[com.google.firebase:firebase-inappmessaging-display:19.1.4] AndroidManifest.xml:18:13-44
21-->[com.google.firebase:firebase-inappmessaging-display:19.1.4] AndroidManifest.xml:18:19-41
22        </intent>
23    </queries>
24
25    <uses-permission android:name="android.permission.WAKE_LOCK" /> <!-- Required by older versions of Google Play services to create IID tokens -->
25-->[com.google.firebase:firebase-messaging:23.0.5] AndroidManifest.xml:26:5-68
25-->[com.google.firebase:firebase-messaging:23.0.5] AndroidManifest.xml:26:22-65
26    <uses-permission android:name="com.google.android.c2dm.permission.RECEIVE" />
26-->[com.google.firebase:firebase-messaging:23.0.5] AndroidManifest.xml:28:5-82
26-->[com.google.firebase:firebase-messaging:23.0.5] AndroidManifest.xml:28:22-79
27    <uses-permission android:name="com.google.android.finsky.permission.BIND_GET_INSTALL_REFERRER_SERVICE" />
27-->[com.google.android.gms:play-services-measurement:18.0.2] AndroidManifest.xml:26:5-110
27-->[com.google.android.gms:play-services-measurement:18.0.2] AndroidManifest.xml:26:22-107
28
29    <application
29-->src\main\AndroidManifest.xml:8:5-58:19
30        android:allowBackup="true"
30-->src\main\AndroidManifest.xml:9:9-35
31        android:appComponentFactory="androidx.core.app.CoreComponentFactory"
31-->[androidx.core:core:1.7.0] AndroidManifest.xml:24:18-86
32        android:debuggable="true"
33        android:extractNativeLibs="false"
34        android:icon="@mipmap/ic_launcher"
34-->src\main\AndroidManifest.xml:10:9-43
35        android:label="@string/app_name"
35-->src\main\AndroidManifest.xml:11:9-41
36        android:roundIcon="@mipmap/ic_launcher_round"
36-->src\main\AndroidManifest.xml:12:9-54
37        android:supportsRtl="true"
37-->src\main\AndroidManifest.xml:13:9-35
38        android:testOnly="true"
39        android:theme="@style/Theme.ShootMovements"
39-->src\main\AndroidManifest.xml:15:9-52
40        android:usesCleartextTraffic="true" >
40-->src\main\AndroidManifest.xml:14:9-44
41        <activity
41-->src\main\AndroidManifest.xml:17:9-19:39
42            android:name="com.shahinsha.shootmovements.HomeActivity"
42-->src\main\AndroidManifest.xml:18:13-41
43            android:exported="true" />
43-->src\main\AndroidManifest.xml:19:13-36
44        <activity
44-->src\main\AndroidManifest.xml:20:9-22:39
45            android:name="com.shahinsha.shootmovements.SignUp"
45-->src\main\AndroidManifest.xml:21:13-35
46            android:exported="true" />
46-->src\main\AndroidManifest.xml:22:13-36
47        <activity
47-->src\main\AndroidManifest.xml:23:9-31:20
48            android:name="com.shahinsha.shootmovements.SplashScreen"
48-->src\main\AndroidManifest.xml:24:13-41
49            android:exported="true" >
49-->src\main\AndroidManifest.xml:25:13-36
50            <intent-filter>
50-->src\main\AndroidManifest.xml:26:13-30:29
51                <action android:name="android.intent.action.MAIN" />
51-->src\main\AndroidManifest.xml:27:17-69
51-->src\main\AndroidManifest.xml:27:25-66
52
53                <category android:name="android.intent.category.LAUNCHER" />
53-->src\main\AndroidManifest.xml:29:17-77
53-->src\main\AndroidManifest.xml:29:27-74
54            </intent-filter>
55        </activity>
56        <activity
56-->src\main\AndroidManifest.xml:32:9-34:39
57            android:name="com.shahinsha.shootmovements.SignInPage"
57-->src\main\AndroidManifest.xml:33:13-39
58            android:exported="true" />
58-->src\main\AndroidManifest.xml:34:13-36
59
60        <meta-data
60-->src\main\AndroidManifest.xml:38:9-40:54
61            android:name="com.google.firebase.messaging.default_notification_color"
61-->src\main\AndroidManifest.xml:39:13-84
62            android:resource="@color/colorprimary" />
62-->src\main\AndroidManifest.xml:40:13-51
63        <meta-data
63-->src\main\AndroidManifest.xml:41:9-43:71
64            android:name="com.google.firebase.messaging.default_notification_channel_id"
64-->src\main\AndroidManifest.xml:42:13-89
65            android:value="@string/default_notification_channel_id" />
65-->src\main\AndroidManifest.xml:43:13-68
66
67        <service
67-->src\main\AndroidManifest.xml:45:9-51:19
68            android:name="com.shahinsha.shootmovements.utility.MyFirebaseMessagingService"
68-->src\main\AndroidManifest.xml:46:13-63
69            android:exported="false" >
69-->src\main\AndroidManifest.xml:47:13-37
70            <intent-filter>
70-->src\main\AndroidManifest.xml:48:13-50:29
71                <action android:name="com.google.firebase.MESSAGING_EVENT" />
71-->src\main\AndroidManifest.xml:49:17-78
71-->src\main\AndroidManifest.xml:49:25-75
72            </intent-filter>
73        </service>
74
75        <meta-data
75-->src\main\AndroidManifest.xml:52:9-54:36
76            android:name="firebase_performance_logcat_enabled"
76-->src\main\AndroidManifest.xml:53:13-63
77            android:value="true" />
77-->src\main\AndroidManifest.xml:54:13-33
78        <meta-data
78-->src\main\AndroidManifest.xml:55:9-57:59
79            android:name="com.google.firebase.messaging.default_notification_icon"
79-->src\main\AndroidManifest.xml:56:13-83
80            android:resource="@drawable/ic_videocamera" />
80-->src\main\AndroidManifest.xml:57:13-56
81
82        <service
82-->[com.google.firebase:firebase-inappmessaging-display:19.1.4] AndroidManifest.xml:23:9-29:19
83            android:name="com.google.firebase.components.ComponentDiscoveryService"
83-->[com.google.firebase:firebase-inappmessaging-display:19.1.4] AndroidManifest.xml:24:13-84
84            android:directBootAware="true"
84-->[com.google.firebase:firebase-common:20.1.1] AndroidManifest.xml:35:13-43
85            android:exported="false" >
85-->[com.google.firebase:firebase-inappmessaging-display:19.1.4] AndroidManifest.xml:25:13-37
86            <meta-data
86-->[com.google.firebase:firebase-inappmessaging-display:19.1.4] AndroidManifest.xml:26:13-28:85
87                android:name="com.google.firebase.components:com.google.firebase.inappmessaging.display.FirebaseInAppMessagingDisplayRegistrar"
87-->[com.google.firebase:firebase-inappmessaging-display:19.1.4] AndroidManifest.xml:27:17-144
88                android:value="com.google.firebase.components.ComponentRegistrar" />
88-->[com.google.firebase:firebase-inappmessaging-display:19.1.4] AndroidManifest.xml:28:17-82
89            <meta-data
89-->[com.google.firebase:firebase-inappmessaging:19.1.4] AndroidManifest.xml:17:13-19:85
90                android:name="com.google.firebase.components:com.google.firebase.inappmessaging.FirebaseInAppMessagingRegistrar"
90-->[com.google.firebase:firebase-inappmessaging:19.1.4] AndroidManifest.xml:18:17-129
91                android:value="com.google.firebase.components.ComponentRegistrar" />
91-->[com.google.firebase:firebase-inappmessaging:19.1.4] AndroidManifest.xml:19:17-82
92            <meta-data
92-->[com.google.firebase:firebase-crashlytics:17.3.1] AndroidManifest.xml:18:13-20:85
93                android:name="com.google.firebase.components:com.google.firebase.crashlytics.CrashlyticsRegistrar"
93-->[com.google.firebase:firebase-crashlytics:17.3.1] AndroidManifest.xml:19:17-115
94                android:value="com.google.firebase.components.ComponentRegistrar" />
94-->[com.google.firebase:firebase-crashlytics:17.3.1] AndroidManifest.xml:20:17-82
95            <meta-data
95-->[com.google.firebase:firebase-messaging:23.0.5] AndroidManifest.xml:55:13-57:85
96                android:name="com.google.firebase.components:com.google.firebase.messaging.FirebaseMessagingRegistrar"
96-->[com.google.firebase:firebase-messaging:23.0.5] AndroidManifest.xml:56:17-119
97                android:value="com.google.firebase.components.ComponentRegistrar" />
97-->[com.google.firebase:firebase-messaging:23.0.5] AndroidManifest.xml:57:17-82
98            <meta-data
98-->[com.google.firebase:firebase-datatransport:18.1.4] AndroidManifest.xml:28:13-30:85
99                android:name="com.google.firebase.components:com.google.firebase.datatransport.TransportRegistrar"
99-->[com.google.firebase:firebase-datatransport:18.1.4] AndroidManifest.xml:29:17-115
100                android:value="com.google.firebase.components.ComponentRegistrar" />
100-->[com.google.firebase:firebase-datatransport:18.1.4] AndroidManifest.xml:30:17-82
101            <meta-data
101-->[com.google.android.gms:play-services-measurement-api:18.0.2] AndroidManifest.xml:30:13-32:85
102                android:name="com.google.firebase.components:com.google.firebase.analytics.connector.internal.AnalyticsConnectorRegistrar"
102-->[com.google.android.gms:play-services-measurement-api:18.0.2] AndroidManifest.xml:31:17-139
103                android:value="com.google.firebase.components.ComponentRegistrar" />
103-->[com.google.android.gms:play-services-measurement-api:18.0.2] AndroidManifest.xml:32:17-82
104            <meta-data
104-->[com.google.firebase:firebase-installations:17.0.1] AndroidManifest.xml:18:13-20:85
105                android:name="com.google.firebase.components:com.google.firebase.installations.FirebaseInstallationsRegistrar"
105-->[com.google.firebase:firebase-installations:17.0.1] AndroidManifest.xml:19:17-127
106                android:value="com.google.firebase.components.ComponentRegistrar" />
106-->[com.google.firebase:firebase-installations:17.0.1] AndroidManifest.xml:20:17-82
107            <meta-data
107-->[com.google.firebase:firebase-abt:20.0.0] AndroidManifest.xml:13:13-15:85
108                android:name="com.google.firebase.components:com.google.firebase.abt.component.AbtRegistrar"
108-->[com.google.firebase:firebase-abt:20.0.0] AndroidManifest.xml:14:17-109
109                android:value="com.google.firebase.components.ComponentRegistrar" />
109-->[com.google.firebase:firebase-abt:20.0.0] AndroidManifest.xml:15:17-82
110        </service>
111
112        <receiver
112-->[com.google.firebase:firebase-messaging:23.0.5] AndroidManifest.xml:31:9-38:20
113            android:name="com.google.firebase.iid.FirebaseInstanceIdReceiver"
113-->[com.google.firebase:firebase-messaging:23.0.5] AndroidManifest.xml:32:13-78
114            android:exported="true"
114-->[com.google.firebase:firebase-messaging:23.0.5] AndroidManifest.xml:33:13-36
115            android:permission="com.google.android.c2dm.permission.SEND" >
115-->[com.google.firebase:firebase-messaging:23.0.5] AndroidManifest.xml:34:13-73
116            <intent-filter>
116-->[com.google.firebase:firebase-messaging:23.0.5] AndroidManifest.xml:35:13-37:29
117                <action android:name="com.google.android.c2dm.intent.RECEIVE" />
117-->[com.google.firebase:firebase-messaging:23.0.5] AndroidManifest.xml:36:17-81
117-->[com.google.firebase:firebase-messaging:23.0.5] AndroidManifest.xml:36:25-78
118            </intent-filter>
119        </receiver>
120        <!--
121             FirebaseMessagingService performs security checks at runtime,
122             but set to not exported to explicitly avoid allowing another app to call it.
123        -->
124        <service
124-->[com.google.firebase:firebase-messaging:23.0.5] AndroidManifest.xml:44:9-51:19
125            android:name="com.google.firebase.messaging.FirebaseMessagingService"
125-->[com.google.firebase:firebase-messaging:23.0.5] AndroidManifest.xml:45:13-82
126            android:directBootAware="true"
126-->[com.google.firebase:firebase-messaging:23.0.5] AndroidManifest.xml:46:13-43
127            android:exported="false" >
127-->[com.google.firebase:firebase-messaging:23.0.5] AndroidManifest.xml:47:13-37
128            <intent-filter android:priority="-500" >
128-->src\main\AndroidManifest.xml:48:13-50:29
129                <action android:name="com.google.firebase.MESSAGING_EVENT" />
129-->src\main\AndroidManifest.xml:49:17-78
129-->src\main\AndroidManifest.xml:49:25-75
130            </intent-filter>
131        </service>
132        <service
132-->[com.google.android.datatransport:transport-backend-cct:3.1.5] AndroidManifest.xml:29:9-35:19
133            android:name="com.google.android.datatransport.runtime.backends.TransportBackendDiscovery"
133-->[com.google.android.datatransport:transport-backend-cct:3.1.5] AndroidManifest.xml:30:13-103
134            android:exported="false" >
134-->[com.google.android.datatransport:transport-backend-cct:3.1.5] AndroidManifest.xml:31:13-37
135            <meta-data
135-->[com.google.android.datatransport:transport-backend-cct:3.1.5] AndroidManifest.xml:32:13-34:39
136                android:name="backend:com.google.android.datatransport.cct.CctBackendFactory"
136-->[com.google.android.datatransport:transport-backend-cct:3.1.5] AndroidManifest.xml:33:17-94
137                android:value="cct" />
137-->[com.google.android.datatransport:transport-backend-cct:3.1.5] AndroidManifest.xml:34:17-36
138        </service>
139        <service
139-->[com.google.android.datatransport:transport-runtime:3.1.5] AndroidManifest.xml:26:9-30:19
140            android:name="com.google.android.datatransport.runtime.scheduling.jobscheduling.JobInfoSchedulerService"
140-->[com.google.android.datatransport:transport-runtime:3.1.5] AndroidManifest.xml:27:13-117
141            android:exported="false"
141-->[com.google.android.datatransport:transport-runtime:3.1.5] AndroidManifest.xml:28:13-37
142            android:permission="android.permission.BIND_JOB_SERVICE" >
142-->[com.google.android.datatransport:transport-runtime:3.1.5] AndroidManifest.xml:29:13-69
143        </service>
144
145        <receiver
145-->[com.google.android.datatransport:transport-runtime:3.1.5] AndroidManifest.xml:32:9-34:40
146            android:name="com.google.android.datatransport.runtime.scheduling.jobscheduling.AlarmManagerSchedulerBroadcastReceiver"
146-->[com.google.android.datatransport:transport-runtime:3.1.5] AndroidManifest.xml:33:13-132
147            android:exported="false" />
147-->[com.google.android.datatransport:transport-runtime:3.1.5] AndroidManifest.xml:34:13-37
148
149        <provider
149-->[com.google.firebase:firebase-common:20.1.1] AndroidManifest.xml:26:9-31:39
150            android:name="com.google.firebase.provider.FirebaseInitProvider"
150-->[com.google.firebase:firebase-common:20.1.1] AndroidManifest.xml:27:13-77
151            android:authorities="com.shahinsha.shootmovements.firebaseinitprovider"
151-->[com.google.firebase:firebase-common:20.1.1] AndroidManifest.xml:28:13-72
152            android:directBootAware="true"
152-->[com.google.firebase:firebase-common:20.1.1] AndroidManifest.xml:29:13-43
153            android:exported="false"
153-->[com.google.firebase:firebase-common:20.1.1] AndroidManifest.xml:30:13-37
154            android:initOrder="100" />
154-->[com.google.firebase:firebase-common:20.1.1] AndroidManifest.xml:31:13-36
155
156        <activity
156-->[com.google.android.gms:play-services-base:18.0.1] AndroidManifest.xml:20:9-22:45
157            android:name="com.google.android.gms.common.api.GoogleApiActivity"
157-->[com.google.android.gms:play-services-base:18.0.1] AndroidManifest.xml:20:19-85
158            android:exported="false"
158-->[com.google.android.gms:play-services-base:18.0.1] AndroidManifest.xml:22:19-43
159            android:theme="@android:style/Theme.Translucent.NoTitleBar" />
159-->[com.google.android.gms:play-services-base:18.0.1] AndroidManifest.xml:21:19-78
160
161        <receiver
161-->[com.google.android.gms:play-services-measurement:18.0.2] AndroidManifest.xml:29:9-33:20
162            android:name="com.google.android.gms.measurement.AppMeasurementReceiver"
162-->[com.google.android.gms:play-services-measurement:18.0.2] AndroidManifest.xml:30:13-85
163            android:enabled="true"
163-->[com.google.android.gms:play-services-measurement:18.0.2] AndroidManifest.xml:31:13-35
164            android:exported="false" >
164-->[com.google.android.gms:play-services-measurement:18.0.2] AndroidManifest.xml:32:13-37
165        </receiver>
166
167        <service
167-->[com.google.android.gms:play-services-measurement:18.0.2] AndroidManifest.xml:35:9-38:40
168            android:name="com.google.android.gms.measurement.AppMeasurementService"
168-->[com.google.android.gms:play-services-measurement:18.0.2] AndroidManifest.xml:36:13-84
169            android:enabled="true"
169-->[com.google.android.gms:play-services-measurement:18.0.2] AndroidManifest.xml:37:13-35
170            android:exported="false" />
170-->[com.google.android.gms:play-services-measurement:18.0.2] AndroidManifest.xml:38:13-37
171        <service
171-->[com.google.android.gms:play-services-measurement:18.0.2] AndroidManifest.xml:39:9-43:72
172            android:name="com.google.android.gms.measurement.AppMeasurementJobService"
172-->[com.google.android.gms:play-services-measurement:18.0.2] AndroidManifest.xml:40:13-87
173            android:enabled="true"
173-->[com.google.android.gms:play-services-measurement:18.0.2] AndroidManifest.xml:41:13-35
174            android:exported="false"
174-->[com.google.android.gms:play-services-measurement:18.0.2] AndroidManifest.xml:42:13-37
175            android:permission="android.permission.BIND_JOB_SERVICE" />
175-->[com.google.android.gms:play-services-measurement:18.0.2] AndroidManifest.xml:43:13-69
176
177        <meta-data
177-->[com.google.android.gms:play-services-basement:18.0.0] AndroidManifest.xml:21:9-23:69
178            android:name="com.google.android.gms.version"
178-->[com.google.android.gms:play-services-basement:18.0.0] AndroidManifest.xml:22:13-58
179            android:value="@integer/google_play_services_version" />
179-->[com.google.android.gms:play-services-basement:18.0.0] AndroidManifest.xml:23:13-66
180
181        <provider
181-->[androidx.emoji2:emoji2:1.0.0] AndroidManifest.xml:26:9-34:20
182            android:name="androidx.startup.InitializationProvider"
182-->[androidx.emoji2:emoji2:1.0.0] AndroidManifest.xml:27:13-67
183            android:authorities="com.shahinsha.shootmovements.androidx-startup"
183-->[androidx.emoji2:emoji2:1.0.0] AndroidManifest.xml:28:13-68
184            android:exported="false" >
184-->[androidx.emoji2:emoji2:1.0.0] AndroidManifest.xml:29:13-37
185            <meta-data
185-->[androidx.emoji2:emoji2:1.0.0] AndroidManifest.xml:31:13-33:52
186                android:name="androidx.emoji2.text.EmojiCompatInitializer"
186-->[androidx.emoji2:emoji2:1.0.0] AndroidManifest.xml:32:17-75
187                android:value="androidx.startup" />
187-->[androidx.emoji2:emoji2:1.0.0] AndroidManifest.xml:33:17-49
188            <meta-data
188-->[androidx.lifecycle:lifecycle-process:2.4.0] AndroidManifest.xml:31:13-33:52
189                android:name="androidx.lifecycle.ProcessLifecycleInitializer"
189-->[androidx.lifecycle:lifecycle-process:2.4.0] AndroidManifest.xml:32:17-78
190                android:value="androidx.startup" />
190-->[androidx.lifecycle:lifecycle-process:2.4.0] AndroidManifest.xml:33:17-49
191        </provider>
192        <provider
192-->[com.squareup.picasso:picasso:2.71828] AndroidManifest.xml:8:9-11:40
193            android:name="com.squareup.picasso.PicassoProvider"
193-->[com.squareup.picasso:picasso:2.71828] AndroidManifest.xml:9:13-64
194            android:authorities="com.shahinsha.shootmovements.com.squareup.picasso"
194-->[com.squareup.picasso:picasso:2.71828] AndroidManifest.xml:10:13-72
195            android:exported="false" />
195-->[com.squareup.picasso:picasso:2.71828] AndroidManifest.xml:11:13-37
196    </application>
197
198</manifest>